<?xml version="1.0" encoding="UTF-8"?>
<testng-results ignored="0" total="1" passed="1" failed="0" skipped="0">
  <reporter-output>
  </reporter-output>
  <suite started-at="2023-08-23T22:01:11 IST" name="Default suite" finished-at="2023-08-23T22:01:11 IST" duration-ms="97">
    <groups>
    </groups>
    <test started-at="2023-08-23T22:01:11 IST" name="Default test" finished-at="2023-08-23T22:01:11 IST" duration-ms="97">
      <class name="Selenium.Demo1Test">
        <test-method signature="m1()[pri:0, instance:Selenium.Demo1Test@3754a4bf]" started-at="2023-08-23T22:01:11 IST" name="m1" finished-at="2023-08-23T22:01:11 IST" duration-ms="13" status="PASS">
          <reporter-output>
          </reporter-output>
        </test-method> <!-- m1 -->
      </class> <!-- Selenium.Demo1Test -->
    </test> <!-- Default test -->
  </suite> <!-- Default suite -->
</testng-results>
